Copyright 1986-2019 Xilinx, Inc. All Rights Reserved.
---------------------------------------------------------------------------------------------------
| Tool Version              : Vivado v.2019.2.1 (lin64) Build 2729669 Thu Dec  5 04:48:12 MST 2019
| Date                      : Fri May  8 14:59:17 2020
| Host                      : ubuntu running 64-bit Ubuntu 18.04.4 LTS
| Command                   : report_io -file CLA_Adder_Wrapper_level2_io_placed.rpt
| Design                    : CLA_Adder_Wrapper_level2
| Device                    : xc7a35t
| Speed File                : -1
| Package                   : cpg236
| Package Version           : FINAL 2014-02-19
| Package Pin Delay Version : VERS. 2.0 2014-02-19
---------------------------------------------------------------------------------------------------

IO Information

Table of Contents
-----------------
1. Summary
2. IO Assignments by Package Pin

1. Summary
----------

+---------------+
| Total User IO |
+---------------+
|            67 |
+---------------+


2. IO Assignments by Package Pin
--------------------------------

+------------+----------------------+------------+------------------------------+---------------+-------------+---------+------------+------+---------------------+----------------------+---------+------------+-----------+----------+------+------------------+--------------+-------------------+--------------+
| Pin Number | Signal Name          | Bank Type  | Pin Name                     | Use           | IO Standard | IO Bank | Drive (mA) | Slew | On-Chip Termination | Off-Chip Termination | Voltage | Constraint | Pull Type | DQS Bias | Vref | Signal Integrity | Pre Emphasis | Lvds Pre Emphasis | Equalization |
+------------+----------------------+------------+------------------------------+---------------+-------------+---------+------------+------+---------------------+----------------------+---------+------------+-----------+----------+------+------------------+--------------+-------------------+--------------+
| A1         |                      |            | GND                          | GND           |             |         |            |      |                     |                      |     0.0 |            |           |          |      |                  |              |                   |              |
| A2         |                      |            | MGTPTXN1_216                 | Gigabit       |             |         |            |      |                     |                      |         |            |           |          |      |                  |              |                   |              |
| A3         |                      |            | GND                          | GND           |             |         |            |      |                     |                      |     0.0 |            |           |          |      |                  |              |                   |              |
| A4         |                      |            | MGTPRXN0_216                 | Gigabit       |             |         |            |      |                     |                      |         |            |           |          |      |                  |              |                   |              |
| A5         |                      |            | GND                          | GND           |             |         |            |      |                     |                      |     0.0 |            |           |          |      |                  |              |                   |              |
| A6         |                      |            | MGTPRXN1_216                 | Gigabit       |             |         |            |      |                     |                      |         |            |           |          |      |                  |              |                   |              |
| A7         |                      |            | GND                          | GND           |             |         |            |      |                     |                      |     0.0 |            |           |          |      |                  |              |                   |              |
| A8         |                      |            | MGTREFCLK0N_216              | Gigabit       |             |         |            |      |                     |                      |         |            |           |          |      |                  |              |                   |              |
| A9         |                      |            | GND                          | GND           |             |         |            |      |                     |                      |     0.0 |            |           |          |      |                  |              |                   |              |
| A10        |                      |            | MGTREFCLK1N_216              | Gigabit       |             |         |            |      |                     |                      |         |            |           |          |      |                  |              |                   |              |
| A11        |                      | Dedicated  | DXP_0                        | Temp Sensor   |             |       0 |            |      |                     |                      |         |            |           |          |      |                  |              |                   |              |
| A12        |                      | Dedicated  | VP_0                         | XADC          |             |       0 |            |      |                     |                      |         |            |           |          |      |                  |              |                   |              |
| A13        |                      | Dedicated  | VREFN_0                      | XADC          |             |       0 |            |      |                     |                      |         |            |           |          |      |                  |              |                   |              |
| A14        |                      | High Range | IO_L6P_T0_16                 | User IO       |             |      16 |            |      |                     |                      |         |            |           |          |      |                  |              |                   |              |
| A15        |                      | High Range | IO_L6N_T0_VREF_16            | User IO       |             |      16 |            |      |                     |                      |         |            |           |          |      |                  |              |                   |              |
| A16        |                      | High Range | IO_L12P_T1_MRCC_16           | User IO       |             |      16 |            |      |                     |                      |         |            |           |          |      |                  |              |                   |              |
| A17        |                      | High Range | IO_L12N_T1_MRCC_16           | User IO       |             |      16 |            |      |                     |                      |         |            |           |          |      |                  |              |                   |              |
| A18        |                      | High Range | IO_L19N_T3_VREF_16           | User IO       |             |      16 |            |      |                     |                      |         |            |           |          |      |                  |              |                   |              |
| A19        |                      |            | GND                          | GND           |             |         |            |      |                     |                      |     0.0 |            |           |          |      |                  |              |                   |              |
| B1         |                      |            | MGTAVTT                      | Gigabit Power |             |         |            |      |                     |                      |         |            |           |          |      |                  |              |                   |              |
| B2         |                      |            | MGTPTXP1_216                 | Gigabit       |             |         |            |      |                     |                      |         |            |           |          |      |                  |              |                   |              |
| B3         |                      |            | GND                          | GND           |             |         |            |      |                     |                      |     0.0 |            |           |          |      |                  |              |                   |              |
| B4         |                      |            | MGTPRXP0_216                 | Gigabit       |             |         |            |      |                     |                      |         |            |           |          |      |                  |              |                   |              |
| B5         |                      |            | GND                          | GND           |             |         |            |      |                     |                      |     0.0 |            |           |          |      |                  |              |                   |              |
| B6         |                      |            | MGTPRXP1_216                 | Gigabit       |             |         |            |      |                     |                      |         |            |           |          |      |                  |              |                   |              |
| B7         |                      |            | GND                          | GND           |             |         |            |      |                     |                      |     0.0 |            |           |          |      |                  |              |                   |              |
| B8         |                      |            | MGTREFCLK0P_216              | Gigabit       |             |         |            |      |                     |                      |         |            |           |          |      |                  |              |                   |              |
| B9         |                      |            | GND                          | GND           |             |         |            |      |                     |                      |     0.0 |            |           |          |      |                  |              |                   |              |
| B10        |                      |            | MGTREFCLK1P_216              | Gigabit       |             |         |            |      |                     |                      |         |            |           |          |      |                  |              |                   |              |
| B11        |                      | Dedicated  | DXN_0                        | Temp Sensor   |             |       0 |            |      |                     |                      |         |            |           |          |      |                  |              |                   |              |
| B12        |                      | Dedicated  | VREFP_0                      | XADC          |             |       0 |            |      |                     |                      |         |            |           |          |      |                  |              |                   |              |
| B13        |                      | Dedicated  | VN_0                         | XADC          |             |       0 |            |      |                     |                      |         |            |           |          |      |                  |              |                   |              |
| B14        |                      |            | GND                          | GND           |             |         |            |      |                     |                      |     0.0 |            |           |          |      |                  |              |                   |              |
| B15        |                      | High Range | IO_L11N_T1_SRCC_16           | User IO       |             |      16 |            |      |                     |                      |         |            |           |          |      |                  |              |                   |              |
| B16        |                      | High Range | IO_L13N_T2_MRCC_16           | User IO       |             |      16 |            |      |                     |                      |         |            |           |          |      |                  |              |                   |              |
| B17        |                      | High Range | IO_L14N_T2_SRCC_16           | User IO       |             |      16 |            |      |                     |                      |         |            |           |          |      |                  |              |                   |              |
| B18        |                      | High Range | IO_L19P_T3_16                | User IO       |             |      16 |            |      |                     |                      |         |            |           |          |      |                  |              |                   |              |
| B19        |                      | High Range | VCCO_16                      | VCCO          |             |      16 |            |      |                     |                      |   any** |            |           |          |      |                  |              |                   |              |
| C1         |                      |            | MGTAVCC                      | Gigabit Power |             |         |            |      |                     |                      |         |            |           |          |      |                  |              |                   |              |
| C2         |                      |            | GND                          | GND           |             |         |            |      |                     |                      |     0.0 |            |           |          |      |                  |              |                   |              |
| C3         |                      |            | GND                          | GND           |             |         |            |      |                     |                      |     0.0 |            |           |          |      |                  |              |                   |              |
| C4         |                      |            | GND                          | GND           |             |         |            |      |                     |                      |     0.0 |            |           |          |      |                  |              |                   |              |
| C5         |                      |            | MGTAVTT                      | Gigabit Power |             |         |            |      |                     |                      |         |            |           |          |      |                  |              |                   |              |
| C6         |                      |            | GND                          | GND           |             |         |            |      |                     |                      |     0.0 |            |           |          |      |                  |              |                   |              |
| C7         |                      |            | MGTRREF_216                  | Gigabit       |             |         |            |      |                     |                      |         |            |           |          |      |                  |              |                   |              |
| C8         |                      | Dedicated  | TCK_0                        | Config        |             |       0 |            |      |                     |                      |         |            |           |          |      |                  |              |                   |              |
| C9         |                      | Dedicated  | VCCBATT_0                    | Config        |             |       0 |            |      |                     |                      |         |            |           |          |      |                  |              |                   |              |
| C10        |                      |            | GND                          | GND           |             |         |            |      |                     |                      |     0.0 |            |           |          |      |                  |              |                   |              |
| C11        |                      | Dedicated  | CCLK_0                       | Config        |             |       0 |            |      |                     |                      |         |            |           |          |      |                  |              |                   |              |
| C12        |                      | Dedicated  | GNDADC_0                     | XADC          |             |       0 |            |      |                     |                      |         |            |           |          |      |                  |              |                   |              |
| C13        |                      | Dedicated  | VCCADC_0                     | XADC          |             |       0 |            |      |                     |                      |         |            |           |          |      |                  |              |                   |              |
| C14        |                      | High Range | VCCO_16                      | VCCO          |             |      16 |            |      |                     |                      |   any** |            |           |          |      |                  |              |                   |              |
| C15        |                      | High Range | IO_L11P_T1_SRCC_16           | User IO       |             |      16 |            |      |                     |                      |         |            |           |          |      |                  |              |                   |              |
| C16        |                      | High Range | IO_L13P_T2_MRCC_16           | User IO       |             |      16 |            |      |                     |                      |         |            |           |          |      |                  |              |                   |              |
| C17        |                      | High Range | IO_L14P_T2_SRCC_16           | User IO       |             |      16 |            |      |                     |                      |         |            |           |          |      |                  |              |                   |              |
| C18        |                      | High Range | VCCO_16                      | VCCO          |             |      16 |            |      |                     |                      |   any** |            |           |          |      |                  |              |                   |              |
| C19        |                      |            | GND                          | GND           |             |         |            |      |                     |                      |     0.0 |            |           |          |      |                  |              |                   |              |
| D1         |                      |            | MGTPTXN0_216                 | Gigabit       |             |         |            |      |                     |                      |         |            |           |          |      |                  |              |                   |              |
| D2         |                      |            | MGTPTXP0_216                 | Gigabit       |             |         |            |      |                     |                      |         |            |           |          |      |                  |              |                   |              |
| D3         |                      |            | GND                          | GND           |             |         |            |      |                     |                      |     0.0 |            |           |          |      |                  |              |                   |              |
| D17        |                      | High Range | IO_0_14                      | User IO       |             |      14 |            |      |                     |                      |         |            |           |          |      |                  |              |                   |              |
| D18        | data_out_from_R0[31] | High Range | IO_L1P_T0_D00_MOSI_14        | OUTPUT        | LVCMOS33    |      14 |         12 | SLOW |                     |            FP_VTT_50 |         | UNFIXED    |           |          |      | NONE             |              |                   |              |
| D19        | data_out_from_R0[30] | High Range | IO_L1N_T0_D01_DIN_14         | OUTPUT        | LVCMOS33    |      14 |         12 | SLOW |                     |            FP_VTT_50 |         | UNFIXED    |           |          |      | NONE             |              |                   |              |
| E1         |                      |            | MGTAVCC                      | Gigabit Power |             |         |            |      |                     |                      |         |            |           |          |      |                  |              |                   |              |
| E2         |                      |            | MGTAVTT                      | Gigabit Power |             |         |            |      |                     |                      |         |            |           |          |      |                  |              |                   |              |
| E3         |                      |            | GND                          | GND           |             |         |            |      |                     |                      |     0.0 |            |           |          |      |                  |              |                   |              |
| E17        |                      |            | GND                          | GND           |             |         |            |      |                     |                      |     0.0 |            |           |          |      |                  |              |                   |              |
| E18        | data_out_from_R0[27] | High Range | IO_L3P_T0_DQS_PUDC_B_14      | OUTPUT        | LVCMOS33    |      14 |         12 | SLOW |                     |            FP_VTT_50 |         | UNFIXED    |           |          |      | NONE             |              |                   |              |
| E19        | data_out_from_R0[26] | High Range | IO_L3N_T0_DQS_EMCCLK_14      | OUTPUT        | LVCMOS33    |      14 |         12 | SLOW |                     |            FP_VTT_50 |         | UNFIXED    |           |          |      | NONE             |              |                   |              |
| F1         |                      |            | GND                          | GND           |             |         |            |      |                     |                      |     0.0 |            |           |          |      |                  |              |                   |              |
| F2         |                      |            | GND                          | GND           |             |         |            |      |                     |                      |     0.0 |            |           |          |      |                  |              |                   |              |
| F3         |                      |            | MGTAVCC                      | Gigabit Power |             |         |            |      |                     |                      |         |            |           |          |      |                  |              |                   |              |
| F17        |                      | High Range | VCCO_14                      | VCCO          |             |      14 |            |      |                     |                      |    3.30 |            |           |          |      |                  |              |                   |              |
| F18        | data_out_from_R0[28] | High Range | IO_L2N_T0_D03_14             | OUTPUT        | LVCMOS33    |      14 |         12 | SLOW |                     |            FP_VTT_50 |         | UNFIXED    |           |          |      | NONE             |              |                   |              |
| F19        |                      |            | GND                          | GND           |             |         |            |      |                     |                      |     0.0 |            |           |          |      |                  |              |                   |              |
| G1         |                      |            | GND                          | GND           |             |         |            |      |                     |                      |     0.0 |            |           |          |      |                  |              |                   |              |
| G2         |                      | High Range | IO_L1N_T0_AD4N_35            | User IO       |             |      35 |            |      |                     |                      |         |            |           |          |      |                  |              |                   |              |
| G3         |                      | High Range | IO_L1P_T0_AD4P_35            | User IO       |             |      35 |            |      |                     |                      |         |            |           |          |      |                  |              |                   |              |
| G7         |                      |            | MGTAVTT                      | Gigabit Power |             |         |            |      |                     |                      |         |            |           |          |      |                  |              |                   |              |
| G8         |                      |            | GND                          | GND           |             |         |            |      |                     |                      |     0.0 |            |           |          |      |                  |              |                   |              |
| G9         |                      |            | MGTAVCC                      | Gigabit Power |             |         |            |      |                     |                      |         |            |           |          |      |                  |              |                   |              |
| G10        |                      |            | VCCINT                       | VCCINT        |             |         |            |      |                     |                      |         |            |           |          |      |                  |              |                   |              |
| G11        |                      |            | GND                          | GND           |             |         |            |      |                     |                      |     0.0 |            |           |          |      |                  |              |                   |              |
| G12        |                      | Dedicated  | VCCO_0                       | VCCO          |             |       0 |            |      |                     |                      |   any** |            |           |          |      |                  |              |                   |              |
| G13        |                      | High Range | VCCO_16                      | VCCO          |             |      16 |            |      |                     |                      |   any** |            |           |          |      |                  |              |                   |              |
| G17        | data_out_from_R0[22] | High Range | IO_L5N_T0_D07_14             | OUTPUT        | LVCMOS33    |      14 |         12 | SLOW |                     |            FP_VTT_50 |         | UNFIXED    |           |          |      | NONE             |              |                   |              |
| G18        | data_out_from_R0[29] | High Range | IO_L2P_T0_D02_14             | OUTPUT        | LVCMOS33    |      14 |         12 | SLOW |                     |            FP_VTT_50 |         | UNFIXED    |           |          |      | NONE             |              |                   |              |
| G19        | data_out_from_R0[24] | High Range | IO_L4N_T0_D05_14             | OUTPUT        | LVCMOS33    |      14 |         12 | SLOW |                     |            FP_VTT_50 |         | UNFIXED    |           |          |      | NONE             |              |                   |              |
| H1         |                      | High Range | IO_L3P_T0_DQS_AD5P_35        | User IO       |             |      35 |            |      |                     |                      |         |            |           |          |      |                  |              |                   |              |
| H2         |                      | High Range | IO_L2P_T0_AD12P_35           | User IO       |             |      35 |            |      |                     |                      |         |            |           |          |      |                  |              |                   |              |
| H3         |                      | High Range | VCCO_35                      | VCCO          |             |      35 |            |      |                     |                      |   any** |            |           |          |      |                  |              |                   |              |
| H7         |                      |            | GND                          | GND           |             |         |            |      |                     |                      |     0.0 |            |           |          |      |                  |              |                   |              |
| H8         |                      |            | GND                          | GND           |             |         |            |      |                     |                      |     0.0 |            |           |          |      |                  |              |                   |              |
| H9         |                      |            | MGTAVCC                      | Gigabit Power |             |         |            |      |                     |                      |         |            |           |          |      |                  |              |                   |              |
| H10        |                      |            | VCCINT                       | VCCINT        |             |         |            |      |                     |                      |         |            |           |          |      |                  |              |                   |              |
| H11        |                      |            | GND                          | GND           |             |         |            |      |                     |                      |     0.0 |            |           |          |      |                  |              |                   |              |
| H12        |                      |            | GND                          | GND           |             |         |            |      |                     |                      |     0.0 |            |           |          |      |                  |              |                   |              |
| H13        |                      |            | VCCAUX                       | VCCAUX        |             |         |            |      |                     |                      |    1.80 |            |           |          |      |                  |              |                   |              |
| H17        | data_out_from_R0[23] | High Range | IO_L5P_T0_D06_14             | OUTPUT        | LVCMOS33    |      14 |         12 | SLOW |                     |            FP_VTT_50 |         | UNFIXED    |           |          |      | NONE             |              |                   |              |
| H18        |                      |            | GND                          | GND           |             |         |            |      |                     |                      |     0.0 |            |           |          |      |                  |              |                   |              |
| H19        | data_out_from_R0[25] | High Range | IO_L4P_T0_D04_14             | OUTPUT        | LVCMOS33    |      14 |         12 | SLOW |                     |            FP_VTT_50 |         | UNFIXED    |           |          |      | NONE             |              |                   |              |
| J1         |                      | High Range | IO_L3N_T0_DQS_AD5N_35        | User IO       |             |      35 |            |      |                     |                      |         |            |           |          |      |                  |              |                   |              |
| J2         |                      | High Range | IO_L2N_T0_AD12N_35           | User IO       |             |      35 |            |      |                     |                      |         |            |           |          |      |                  |              |                   |              |
| J3         |                      | High Range | IO_L7P_T1_AD6P_35            | User IO       |             |      35 |            |      |                     |                      |         |            |           |          |      |                  |              |                   |              |
| J7         |                      | High Range | VCCO_35                      | VCCO          |             |      35 |            |      |                     |                      |   any** |            |           |          |      |                  |              |                   |              |
| J8         |                      |            | GND                          | GND           |             |         |            |      |                     |                      |     0.0 |            |           |          |      |                  |              |                   |              |
| J9         |                      |            | GND                          | GND           |             |         |            |      |                     |                      |     0.0 |            |           |          |      |                  |              |                   |              |
| J10        |                      |            | VCCINT                       | VCCINT        |             |         |            |      |                     |                      |         |            |           |          |      |                  |              |                   |              |
| J11        |                      |            | GND                          | GND           |             |         |            |      |                     |                      |     0.0 |            |           |          |      |                  |              |                   |              |
| J12        |                      |            | GND                          | GND           |             |         |            |      |                     |                      |     0.0 |            |           |          |      |                  |              |                   |              |
| J13        |                      |            | VCCAUX                       | VCCAUX        |             |         |            |      |                     |                      |    1.80 |            |           |          |      |                  |              |                   |              |
| J17        | data_out_from_R0[19] | High Range | IO_L7P_T1_D09_14             | OUTPUT        | LVCMOS33    |      14 |         12 | SLOW |                     |            FP_VTT_50 |         | UNFIXED    |           |          |      | NONE             |              |                   |              |
| J18        | data_out_from_R0[18] | High Range | IO_L7N_T1_D10_14             | OUTPUT        | LVCMOS33    |      14 |         12 | SLOW |                     |            FP_VTT_50 |         | UNFIXED    |           |          |      | NONE             |              |                   |              |
| J19        | data_out_from_R0[20] | High Range | IO_L6N_T0_D08_VREF_14        | OUTPUT        | LVCMOS33    |      14 |         12 | SLOW |                     |            FP_VTT_50 |         | UNFIXED    |           |          |      | NONE             |              |                   |              |
| K1         |                      | High Range | VCCO_35                      | VCCO          |             |      35 |            |      |                     |                      |   any** |            |           |          |      |                  |              |                   |              |
| K2         |                      | High Range | IO_L5P_T0_AD13P_35           | User IO       |             |      35 |            |      |                     |                      |         |            |           |          |      |                  |              |                   |              |
| K3         |                      | High Range | IO_L7N_T1_AD6N_35            | User IO       |             |      35 |            |      |                     |                      |         |            |           |          |      |                  |              |                   |              |
| K7         |                      | High Range | VCCO_35                      | VCCO          |             |      35 |            |      |                     |                      |   any** |            |           |          |      |                  |              |                   |              |
| K8         |                      |            | GND                          | GND           |             |         |            |      |                     |                      |     0.0 |            |           |          |      |                  |              |                   |              |
| K12        |                      | High Range | VCCO_14                      | VCCO          |             |      14 |            |      |                     |                      |    3.30 |            |           |          |      |                  |              |                   |              |
| K13        |                      | High Range | VCCO_14                      | VCCO          |             |      14 |            |      |                     |                      |    3.30 |            |           |          |      |                  |              |                   |              |
| K17        | data_out_from_R0[8]  | High Range | IO_L12N_T1_MRCC_14           | OUTPUT        | LVCMOS33    |      14 |         12 | SLOW |                     |            FP_VTT_50 |         | UNFIXED    |           |          |      | NONE             |              |                   |              |
| K18        | data_out_from_R0[16] | High Range | IO_L8N_T1_D12_14             | OUTPUT        | LVCMOS33    |      14 |         12 | SLOW |                     |            FP_VTT_50 |         | UNFIXED    |           |          |      | NONE             |              |                   |              |
| K19        | data_out_from_R0[21] | High Range | IO_L6P_T0_FCS_B_14           | OUTPUT        | LVCMOS33    |      14 |         12 | SLOW |                     |            FP_VTT_50 |         | UNFIXED    |           |          |      | NONE             |              |                   |              |
| L1         |                      | High Range | IO_L6N_T0_VREF_35            | User IO       |             |      35 |            |      |                     |                      |         |            |           |          |      |                  |              |                   |              |
| L2         |                      | High Range | IO_L5N_T0_AD13N_35           | User IO       |             |      35 |            |      |                     |                      |         |            |           |          |      |                  |              |                   |              |
| L3         |                      | High Range | IO_L8P_T1_AD14P_35           | User IO       |             |      35 |            |      |                     |                      |         |            |           |          |      |                  |              |                   |              |
| L7         |                      | High Range | VCCO_35                      | VCCO          |             |      35 |            |      |                     |                      |   any** |            |           |          |      |                  |              |                   |              |
| L8         |                      |            | GND                          | GND           |             |         |            |      |                     |                      |     0.0 |            |           |          |      |                  |              |                   |              |
| L9         |                      |            | GND                          | GND           |             |         |            |      |                     |                      |     0.0 |            |           |          |      |                  |              |                   |              |
| L10        |                      |            | VCCINT                       | VCCINT        |             |         |            |      |                     |                      |         |            |           |          |      |                  |              |                   |              |
| L11        |                      |            | GND                          | GND           |             |         |            |      |                     |                      |     0.0 |            |           |          |      |                  |              |                   |              |
| L12        |                      | High Range | VCCO_14                      | VCCO          |             |      14 |            |      |                     |                      |    3.30 |            |           |          |      |                  |              |                   |              |
| L13        |                      | High Range | VCCO_14                      | VCCO          |             |      14 |            |      |                     |                      |    3.30 |            |           |          |      |                  |              |                   |              |
| L17        | data_out_from_R0[9]  | High Range | IO_L12P_T1_MRCC_14           | OUTPUT        | LVCMOS33    |      14 |         12 | SLOW |                     |            FP_VTT_50 |         | UNFIXED    |           |          |      | NONE             |              |                   |              |
| L18        | data_out_from_R0[17] | High Range | IO_L8P_T1_D11_14             | OUTPUT        | LVCMOS33    |      14 |         12 | SLOW |                     |            FP_VTT_50 |         | UNFIXED    |           |          |      | NONE             |              |                   |              |
| L19        |                      |            | GND                          | GND           |             |         |            |      |                     |                      |     0.0 |            |           |          |      |                  |              |                   |              |
| M1         |                      | High Range | IO_L9N_T1_DQS_AD7N_35        | User IO       |             |      35 |            |      |                     |                      |         |            |           |          |      |                  |              |                   |              |
| M2         |                      | High Range | IO_L9P_T1_DQS_AD7P_35        | User IO       |             |      35 |            |      |                     |                      |         |            |           |          |      |                  |              |                   |              |
| M3         |                      | High Range | IO_L8N_T1_AD14N_35           | User IO       |             |      35 |            |      |                     |                      |         |            |           |          |      |                  |              |                   |              |
| M7         |                      | High Range | VCCO_35                      | VCCO          |             |      35 |            |      |                     |                      |   any** |            |           |          |      |                  |              |                   |              |
| M8         |                      | High Range | VCCO_34                      | VCCO          |             |      34 |            |      |                     |                      |    3.30 |            |           |          |      |                  |              |                   |              |
| M9         |                      |            | GND                          | GND           |             |         |            |      |                     |                      |     0.0 |            |           |          |      |                  |              |                   |              |
| M10        |                      |            | VCCINT                       | VCCINT        |             |         |            |      |                     |                      |         |            |           |          |      |                  |              |                   |              |
| M11        |                      |            | VCCBRAM                      | VCCBRAM       |             |         |            |      |                     |                      |         |            |           |          |      |                  |              |                   |              |
| M12        |                      | High Range | VCCO_14                      | VCCO          |             |      14 |            |      |                     |                      |    3.30 |            |           |          |      |                  |              |                   |              |
| M13        |                      |            | GND                          | GND           |             |         |            |      |                     |                      |     0.0 |            |           |          |      |                  |              |                   |              |
| M17        |                      | High Range | VCCO_14                      | VCCO          |             |      14 |            |      |                     |                      |    3.30 |            |           |          |      |                  |              |                   |              |
| M18        | data_out_from_R0[11] | High Range | IO_L11P_T1_SRCC_14           | OUTPUT        | LVCMOS33    |      14 |         12 | SLOW |                     |            FP_VTT_50 |         | UNFIXED    |           |          |      | NONE             |              |                   |              |
| M19        | data_out_from_R0[10] | High Range | IO_L11N_T1_SRCC_14           | OUTPUT        | LVCMOS33    |      14 |         12 | SLOW |                     |            FP_VTT_50 |         | UNFIXED    |           |          |      | NONE             |              |                   |              |
| N1         |                      | High Range | IO_L10N_T1_AD15N_35          | User IO       |             |      35 |            |      |                     |                      |         |            |           |          |      |                  |              |                   |              |
| N2         |                      | High Range | IO_L10P_T1_AD15P_35          | User IO       |             |      35 |            |      |                     |                      |         |            |           |          |      |                  |              |                   |              |
| N3         |                      | High Range | IO_L12P_T1_MRCC_35           | User IO       |             |      35 |            |      |                     |                      |         |            |           |          |      |                  |              |                   |              |
| N7         |                      | High Range | VCCO_34                      | VCCO          |             |      34 |            |      |                     |                      |    3.30 |            |           |          |      |                  |              |                   |              |
| N8         |                      | High Range | VCCO_34                      | VCCO          |             |      34 |            |      |                     |                      |    3.30 |            |           |          |      |                  |              |                   |              |
| N9         |                      |            | GND                          | GND           |             |         |            |      |                     |                      |     0.0 |            |           |          |      |                  |              |                   |              |
| N10        |                      |            | VCCINT                       | VCCINT        |             |         |            |      |                     |                      |         |            |           |          |      |                  |              |                   |              |
| N11        |                      |            | VCCBRAM                      | VCCBRAM       |             |         |            |      |                     |                      |         |            |           |          |      |                  |              |                   |              |
| N12        |                      |            | GND                          | GND           |             |         |            |      |                     |                      |     0.0 |            |           |          |      |                  |              |                   |              |
| N13        |                      |            | GND                          | GND           |             |         |            |      |                     |                      |     0.0 |            |           |          |      |                  |              |                   |              |
| N17        | data_out_from_R0[7]  | High Range | IO_L13P_T2_MRCC_14           | OUTPUT        | LVCMOS33    |      14 |         12 | SLOW |                     |            FP_VTT_50 |         | UNFIXED    |           |          |      | NONE             |              |                   |              |
| N18        | data_out_from_R0[15] | High Range | IO_L9P_T1_DQS_14             | OUTPUT        | LVCMOS33    |      14 |         12 | SLOW |                     |            FP_VTT_50 |         | UNFIXED    |           |          |      | NONE             |              |                   |              |
| N19        | data_out_from_R0[14] | High Range | IO_L9N_T1_DQS_D13_14         | OUTPUT        | LVCMOS33    |      14 |         12 | SLOW |                     |            FP_VTT_50 |         | UNFIXED    |           |          |      | NONE             |              |                   |              |
| P1         |                      | High Range | IO_L19N_T3_VREF_35           | User IO       |             |      35 |            |      |                     |                      |         |            |           |          |      |                  |              |                   |              |
| P2         |                      |            | GND                          | GND           |             |         |            |      |                     |                      |     0.0 |            |           |          |      |                  |              |                   |              |
| P3         |                      | High Range | IO_L12N_T1_MRCC_35           | User IO       |             |      35 |            |      |                     |                      |         |            |           |          |      |                  |              |                   |              |
| P17        | data_out_from_R0[6]  | High Range | IO_L13N_T2_MRCC_14           | OUTPUT        | LVCMOS33    |      14 |         12 | SLOW |                     |            FP_VTT_50 |         | UNFIXED    |           |          |      | NONE             |              |                   |              |
| P18        | data_out_from_R0[5]  | High Range | IO_L14P_T2_SRCC_14           | OUTPUT        | LVCMOS33    |      14 |         12 | SLOW |                     |            FP_VTT_50 |         | UNFIXED    |           |          |      | NONE             |              |                   |              |
| P19        | data_out_from_R0[13] | High Range | IO_L10P_T1_D14_14            | OUTPUT        | LVCMOS33    |      14 |         12 | SLOW |                     |            FP_VTT_50 |         | UNFIXED    |           |          |      | NONE             |              |                   |              |
| R1         |                      | High Range | VCCO_34                      | VCCO          |             |      34 |            |      |                     |                      |    3.30 |            |           |          |      |                  |              |                   |              |
| R2         |                      | High Range | IO_L1P_T0_34                 | User IO       |             |      34 |            |      |                     |                      |         |            |           |          |      |                  |              |                   |              |
| R3         |                      | High Range | IO_L2P_T0_34                 | User IO       |             |      34 |            |      |                     |                      |         |            |           |          |      |                  |              |                   |              |
| R17        |                      | High Range | VCCO_14                      | VCCO          |             |      14 |            |      |                     |                      |    3.30 |            |           |          |      |                  |              |                   |              |
| R18        | data_out_from_R0[4]  | High Range | IO_L14N_T2_SRCC_14           | OUTPUT        | LVCMOS33    |      14 |         12 | SLOW |                     |            FP_VTT_50 |         | UNFIXED    |           |          |      | NONE             |              |                   |              |
| R19        | data_out_from_R0[12] | High Range | IO_L10N_T1_D15_14            | OUTPUT        | LVCMOS33    |      14 |         12 | SLOW |                     |            FP_VTT_50 |         | UNFIXED    |           |          |      | NONE             |              |                   |              |
| T1         |                      | High Range | IO_L3P_T0_DQS_34             | User IO       |             |      34 |            |      |                     |                      |         |            |           |          |      |                  |              |                   |              |
| T2         |                      | High Range | IO_L1N_T0_34                 | User IO       |             |      34 |            |      |                     |                      |         |            |           |          |      |                  |              |                   |              |
| T3         |                      | High Range | IO_L2N_T0_34                 | User IO       |             |      34 |            |      |                     |                      |         |            |           |          |      |                  |              |                   |              |
| T17        | data_out_from_R0[0]  | High Range | IO_L17P_T2_A14_D30_14        | OUTPUT        | LVCMOS33    |      14 |         12 | SLOW |                     |            FP_VTT_50 |         | UNFIXED    |           |          |      | NONE             |              |                   |              |
| T18        | data_in_A[15]        | High Range | IO_L17N_T2_A13_D29_14        | INPUT         | LVCMOS33    |      14 |            |      |                     |                 NONE |         | UNFIXED    |           |          |      | NONE             |              |                   |              |
| T19        |                      |            | GND                          | GND           |             |         |            |      |                     |                      |     0.0 |            |           |          |      |                  |              |                   |              |
| U1         |                      | High Range | IO_L3N_T0_DQS_34             | User IO       |             |      34 |            |      |                     |                      |         |            |           |          |      |                  |              |                   |              |
| U2         | data_in_B[10]        | High Range | IO_L9N_T1_DQS_34             | INPUT         | LVCMOS33    |      34 |            |      |                     |                 NONE |         | UNFIXED    |           |          |      | NONE             |              |                   |              |
| U3         | data_in_B[11]        | High Range | IO_L9P_T1_DQS_34             | INPUT         | LVCMOS33    |      34 |            |      |                     |                 NONE |         | UNFIXED    |           |          |      | NONE             |              |                   |              |
| U4         | data_in_B[9]         | High Range | IO_L11P_T1_SRCC_34           | INPUT         | LVCMOS33    |      34 |            |      |                     |                 NONE |         | UNFIXED    |           |          |      | NONE             |              |                   |              |
| U5         | data_in_B[3]         | High Range | IO_L16P_T2_34                | INPUT         | LVCMOS33    |      34 |            |      |                     |                 NONE |         | UNFIXED    |           |          |      | NONE             |              |                   |              |
| U6         |                      |            | GND                          | GND           |             |         |            |      |                     |                      |     0.0 |            |           |          |      |                  |              |                   |              |
| U7         | data_in_B[1]         | High Range | IO_L19P_T3_34                | INPUT         | LVCMOS33    |      34 |            |      |                     |                 NONE |         | UNFIXED    |           |          |      | NONE             |              |                   |              |
| U8         | data_in_B[5]         | High Range | IO_L14P_T2_SRCC_34           | INPUT         | LVCMOS33    |      34 |            |      |                     |                 NONE |         | UNFIXED    |           |          |      | NONE             |              |                   |              |
| U9         |                      |            | GND                          | GND           |             |         |            |      |                     |                      |     0.0 |            |           |          |      |                  |              |                   |              |
| U10        |                      | Dedicated  | M2_0                         | Config        |             |       0 |            |      |                     |                      |         |            |           |          |      |                  |              |                   |              |
| U11        |                      | Dedicated  | INIT_B_0                     | Config        |             |       0 |            |      |                     |                      |         |            |           |          |      |                  |              |                   |              |
| U12        |                      | Dedicated  | DONE_0                       | Config        |             |       0 |            |      |                     |                      |         |            |           |          |      |                  |              |                   |              |
| U13        |                      | High Range | VCCO_14                      | VCCO          |             |      14 |            |      |                     |                      |    3.30 |            |           |          |      |                  |              |                   |              |
| U14        | data_in_A[0]         | High Range | IO_25_14                     | INPUT         | LVCMOS33    |      14 |            |      |                     |                 NONE |         | UNFIXED    |           |          |      | NONE             |              |                   |              |
| U15        | data_in_A[4]         | High Range | IO_L23P_T3_A03_D19_14        | INPUT         | LVCMOS33    |      14 |            |      |                     |                 NONE |         | UNFIXED    |           |          |      | NONE             |              |                   |              |
| U16        | data_in_A[3]         | High Range | IO_L23N_T3_A02_D18_14        | INPUT         | LVCMOS33    |      14 |            |      |                     |                 NONE |         | UNFIXED    |           |          |      | NONE             |              |                   |              |
| U17        | data_in_A[14]        | High Range | IO_L18P_T2_A12_D28_14        | INPUT         | LVCMOS33    |      14 |            |      |                     |                 NONE |         | UNFIXED    |           |          |      | NONE             |              |                   |              |
| U18        | data_in_A[13]        | High Range | IO_L18N_T2_A11_D27_14        | INPUT         | LVCMOS33    |      14 |            |      |                     |                 NONE |         | UNFIXED    |           |          |      | NONE             |              |                   |              |
| U19        | data_out_from_R0[3]  | High Range | IO_L15P_T2_DQS_RDWR_B_14     | OUTPUT        | LVCMOS33    |      14 |         12 | SLOW |                     |            FP_VTT_50 |         | UNFIXED    |           |          |      | NONE             |              |                   |              |
| V1         |                      | High Range | VCCO_34                      | VCCO          |             |      34 |            |      |                     |                      |    3.30 |            |           |          |      |                  |              |                   |              |
| V2         | data_in_B[15]        | High Range | IO_L5P_T0_34                 | INPUT         | LVCMOS33    |      34 |            |      |                     |                 NONE |         | UNFIXED    |           |          |      | NONE             |              |                   |              |
| V3         | data_in_B[13]        | High Range | IO_L6P_T0_34                 | INPUT         | LVCMOS33    |      34 |            |      |                     |                 NONE |         | UNFIXED    |           |          |      | NONE             |              |                   |              |
| V4         | data_in_B[8]         | High Range | IO_L11N_T1_SRCC_34           | INPUT         | LVCMOS33    |      34 |            |      |                     |                 NONE |         | UNFIXED    |           |          |      | NONE             |              |                   |              |
| V5         | data_in_B[2]         | High Range | IO_L16N_T2_34                | INPUT         | LVCMOS33    |      34 |            |      |                     |                 NONE |         | UNFIXED    |           |          |      | NONE             |              |                   |              |
| V6         |                      | High Range | VCCO_34                      | VCCO          |             |      34 |            |      |                     |                      |    3.30 |            |           |          |      |                  |              |                   |              |
| V7         | data_in_B[0]         | High Range | IO_L19N_T3_VREF_34           | INPUT         | LVCMOS33    |      34 |            |      |                     |                 NONE |         | UNFIXED    |           |          |      | NONE             |              |                   |              |
| V8         | data_in_B[4]         | High Range | IO_L14N_T2_SRCC_34           | INPUT         | LVCMOS33    |      34 |            |      |                     |                 NONE |         | UNFIXED    |           |          |      | NONE             |              |                   |              |
| V9         |                      | Dedicated  | VCCO_0                       | VCCO          |             |       0 |            |      |                     |                      |   any** |            |           |          |      |                  |              |                   |              |
| V10        |                      | Dedicated  | PROGRAM_B_0                  | Config        |             |       0 |            |      |                     |                      |         |            |           |          |      |                  |              |                   |              |
| V11        |                      | Dedicated  | CFGBVS_0                     | Config        |             |       0 |            |      |                     |                      |         |            |           |          |      |                  |              |                   |              |
| V12        |                      | Dedicated  | M0_0                         | Config        |             |       0 |            |      |                     |                      |         |            |           |          |      |                  |              |                   |              |
| V13        | data_in_A[2]         | High Range | IO_L24P_T3_A01_D17_14        | INPUT         | LVCMOS33    |      14 |            |      |                     |                 NONE |         | UNFIXED    |           |          |      | NONE             |              |                   |              |
| V14        | data_in_A[1]         | High Range | IO_L24N_T3_A00_D16_14        | INPUT         | LVCMOS33    |      14 |            |      |                     |                 NONE |         | UNFIXED    |           |          |      | NONE             |              |                   |              |
| V15        | data_in_A[8]         | High Range | IO_L21P_T3_DQS_14            | INPUT         | LVCMOS33    |      14 |            |      |                     |                 NONE |         | UNFIXED    |           |          |      | NONE             |              |                   |              |
| V16        | data_in_A[12]        | High Range | IO_L19P_T3_A10_D26_14        | INPUT         | LVCMOS33    |      14 |            |      |                     |                 NONE |         | UNFIXED    |           |          |      | NONE             |              |                   |              |
| V17        | data_in_A[11]        | High Range | IO_L19N_T3_A09_D25_VREF_14   | INPUT         | LVCMOS33    |      14 |            |      |                     |                 NONE |         | UNFIXED    |           |          |      | NONE             |              |                   |              |
| V18        |                      |            | GND                          | GND           |             |         |            |      |                     |                      |     0.0 |            |           |          |      |                  |              |                   |              |
| V19        | data_out_from_R0[2]  | High Range | IO_L15N_T2_DQS_DOUT_CSO_B_14 | OUTPUT        | LVCMOS33    |      14 |         12 | SLOW |                     |            FP_VTT_50 |         | UNFIXED    |           |          |      | NONE             |              |                   |              |
| W1         |                      |            | GND                          | GND           |             |         |            |      |                     |                      |     0.0 |            |           |          |      |                  |              |                   |              |
| W2         | data_in_B[14]        | High Range | IO_L5N_T0_34                 | INPUT         | LVCMOS33    |      34 |            |      |                     |                 NONE |         | UNFIXED    |           |          |      | NONE             |              |                   |              |
| W3         | data_in_B[12]        | High Range | IO_L6N_T0_VREF_34            | INPUT         | LVCMOS33    |      34 |            |      |                     |                 NONE |         | UNFIXED    |           |          |      | NONE             |              |                   |              |
| W4         | data_in_B[7]         | High Range | IO_L12N_T1_MRCC_34           | INPUT         | LVCMOS33    |      34 |            |      |                     |                 NONE |         | UNFIXED    |           |          |      | NONE             |              |                   |              |
| W5         | clock                | High Range | IO_L12P_T1_MRCC_34           | INPUT         | LVCMOS33    |      34 |            |      |                     |                 NONE |         | FIXED      |           |          |      | NONE             |              |                   |              |
| W6         | data_in_B[6]         | High Range | IO_L13N_T2_MRCC_34           | INPUT         | LVCMOS33    |      34 |            |      |                     |                 NONE |         | UNFIXED    |           |          |      | NONE             |              |                   |              |
| W7         | done                 | High Range | IO_L13P_T2_MRCC_34           | OUTPUT        | LVCMOS33    |      34 |         12 | SLOW |                     |            FP_VTT_50 |         | FIXED      |           |          |      | NONE             |              |                   |              |
| W8         |                      | Dedicated  | TDO_0                        | Config        |             |       0 |            |      |                     |                      |         |            |           |          |      |                  |              |                   |              |
| W9         |                      | Dedicated  | TMS_0                        | Config        |             |       0 |            |      |                     |                      |         |            |           |          |      |                  |              |                   |              |
| W10        |                      | Dedicated  | TDI_0                        | Config        |             |       0 |            |      |                     |                      |         |            |           |          |      |                  |              |                   |              |
| W11        |                      | Dedicated  | M1_0                         | Config        |             |       0 |            |      |                     |                      |         |            |           |          |      |                  |              |                   |              |
| W12        |                      |            | GND                          | GND           |             |         |            |      |                     |                      |     0.0 |            |           |          |      |                  |              |                   |              |
| W13        | data_in_A[6]         | High Range | IO_L22P_T3_A05_D21_14        | INPUT         | LVCMOS33    |      14 |            |      |                     |                 NONE |         | UNFIXED    |           |          |      | NONE             |              |                   |              |
| W14        | data_in_A[5]         | High Range | IO_L22N_T3_A04_D20_14        | INPUT         | LVCMOS33    |      14 |            |      |                     |                 NONE |         | UNFIXED    |           |          |      | NONE             |              |                   |              |
| W15        | data_in_A[7]         | High Range | IO_L21N_T3_DQS_A06_D22_14    | INPUT         | LVCMOS33    |      14 |            |      |                     |                 NONE |         | UNFIXED    |           |          |      | NONE             |              |                   |              |
| W16        | data_in_A[10]        | High Range | IO_L20P_T3_A08_D24_14        | INPUT         | LVCMOS33    |      14 |            |      |                     |                 NONE |         | UNFIXED    |           |          |      | NONE             |              |                   |              |
| W17        | data_in_A[9]         | High Range | IO_L20N_T3_A07_D23_14        | INPUT         | LVCMOS33    |      14 |            |      |                     |                 NONE |         | UNFIXED    |           |          |      | NONE             |              |                   |              |
| W18        | data_out_from_R0[1]  | High Range | IO_L16P_T2_CSI_B_14          | OUTPUT        | LVCMOS33    |      14 |         12 | SLOW |                     |            FP_VTT_50 |         | UNFIXED    |           |          |      | NONE             |              |                   |              |
| W19        | en_5                 | High Range | IO_L16N_T2_A15_D31_14        | INPUT         | LVCMOS33    |      14 |            |      |                     |                 NONE |         | FIXED      |           |          |      | NONE             |              |                   |              |
+------------+----------------------+------------+------------------------------+---------------+-------------+---------+------------+------+---------------------+----------------------+---------+------------+-----------+----------+------+------------------+--------------+-------------------+--------------+
* Default value
** Special VCCO requirements may apply. Please consult the device family datasheet for specific guideline on VCCO requirements.


