Copyright 1986-2019 Xilinx, Inc. All Rights Reserved.
-----------------------------------------------------------------------------------------------------
| Tool Version : Vivado v.2019.2.1 (lin64) Build 2729669 Thu Dec  5 04:48:12 MST 2019
| Date         : Fri May  8 14:59:18 2020
| Host         : ubuntu running 64-bit Ubuntu 18.04.4 LTS
| Command      : report_control_sets -verbose -file CLA_Adder_Wrapper_level2_control_sets_placed.rpt
| Design       : CLA_Adder_Wrapper_level2
| Device       : xc7a35t
-----------------------------------------------------------------------------------------------------

Control Set Information

Table of Contents
-----------------
1. Summary
2. Histogram
3. Flip-Flop Distribution
4. Detailed Control Set Information

1. Summary
----------

+----------------------------------------------------------+-------+
|                          Status                          | Count |
+----------------------------------------------------------+-------+
| Total control sets                                       |    20 |
|    Minimum number of control sets                        |    20 |
|    Addition due to synthesis replication                 |     0 |
|    Addition due to physical synthesis replication        |     0 |
| Unused register locations in slices containing registers |    11 |
+----------------------------------------------------------+-------+
* Control sets can be merged at opt_design using control_set_merge or merge_equivalent_drivers
** Run report_qor_suggestions for automated merging and remapping suggestions


2. Histogram
------------

+--------------------+-------+
|       Fanout       | Count |
+--------------------+-------+
| Total control sets |    20 |
| >= 0 to < 4        |     0 |
| >= 4 to < 6        |     1 |
| >= 6 to < 8        |     0 |
| >= 8 to < 10       |     1 |
| >= 10 to < 12      |     0 |
| >= 12 to < 14      |     0 |
| >= 14 to < 16      |     0 |
| >= 16              |    18 |
+--------------------+-------+
* Control sets can be remapped at either synth_design or opt_design


3. Flip-Flop Distribution
-------------------------

+--------------+-----------------------+------------------------+-----------------+--------------+
| Clock Enable | Synchronous Set/Reset | Asynchronous Set/Reset | Total Registers | Total Slices |
+--------------+-----------------------+------------------------+-----------------+--------------+
| No           | No                    | No                     |             769 |          299 |
| No           | No                    | Yes                    |               0 |            0 |
| No           | Yes                   | No                     |               0 |            0 |
| Yes          | No                    | No                     |             296 |          145 |
| Yes          | No                    | Yes                    |               0 |            0 |
| Yes          | Yes                   | No                     |               4 |            1 |
+--------------+-----------------------+------------------------+-----------------+--------------+


4. Detailed Control Set Information
-----------------------------------

+------------------+---------------------------------------------------------------------------------------------+------------------------------------------------------------------------------------------------+------------------+----------------+
|   Clock Signal   |                                        Enable Signal                                        |                                        Set/Reset Signal                                        | Slice Load Count | Bel Load Count |
+------------------+---------------------------------------------------------------------------------------------+------------------------------------------------------------------------------------------------+------------------+----------------+
|  clock_IBUF_BUFG | instance_of_wrapper_level1/output_buffer_to_R0/output_mem_to_R0/count_output_buffer         | instance_of_wrapper_level1/output_buffer_to_R0/output_mem_to_R0/count_output_buffer[3]_i_1_n_0 |                1 |              4 |
|  clock_IBUF_BUFG | en_5_IBUF                                                                                   |                                                                                                |                2 |              8 |
|  clock_IBUF_BUFG | instance_of_wrapper_level1/input_buffer_instance/bsi_mem_A/data_out_local[0][15]_i_1_n_0    |                                                                                                |                9 |             16 |
|  clock_IBUF_BUFG | instance_of_wrapper_level1/input_buffer_instance/bsi_mem_A/p_0_in[15]                       |                                                                                                |                6 |             16 |
|  clock_IBUF_BUFG | instance_of_wrapper_level1/input_buffer_instance/bsi_mem_A/data_out_local[6][15]_i_1_n_0    |                                                                                                |                9 |             16 |
|  clock_IBUF_BUFG | instance_of_wrapper_level1/input_buffer_instance/bsi_mem_A/data_out_local[5][15]_i_1_n_0    |                                                                                                |                6 |             16 |
|  clock_IBUF_BUFG | instance_of_wrapper_level1/input_buffer_instance/bsi_mem_A/data_out_local[4][15]_i_1_n_0    |                                                                                                |               11 |             16 |
|  clock_IBUF_BUFG | instance_of_wrapper_level1/input_buffer_instance/bsi_mem_A/data_out_local[3][15]_i_1_n_0    |                                                                                                |                4 |             16 |
|  clock_IBUF_BUFG | instance_of_wrapper_level1/input_buffer_instance/bsi_mem_A/data_out_local[1][15]_i_1_n_0    |                                                                                                |                6 |             16 |
|  clock_IBUF_BUFG | instance_of_wrapper_level1/input_buffer_instance/bsi_mem_A/data_out_local[2][15]_i_1_n_0    |                                                                                                |                6 |             16 |
|  clock_IBUF_BUFG | instance_of_wrapper_level1/input_buffer_instance/bsi_mem_B/p_0_in[15]                       |                                                                                                |                9 |             16 |
|  clock_IBUF_BUFG | instance_of_wrapper_level1/input_buffer_instance/bsi_mem_B/data_out_local[5][15]_i_1_n_0    |                                                                                                |                9 |             16 |
|  clock_IBUF_BUFG | instance_of_wrapper_level1/input_buffer_instance/bsi_mem_B/data_out_local[3][15]_i_1_n_0    |                                                                                                |                9 |             16 |
|  clock_IBUF_BUFG | instance_of_wrapper_level1/input_buffer_instance/bsi_mem_B/data_out_local[0][15]_i_1_n_0    |                                                                                                |                7 |             16 |
|  clock_IBUF_BUFG | instance_of_wrapper_level1/input_buffer_instance/bsi_mem_B/data_out_local[6][15]_i_1_n_0    |                                                                                                |                7 |             16 |
|  clock_IBUF_BUFG | instance_of_wrapper_level1/input_buffer_instance/bsi_mem_B/data_out_local[4][15]_i_1_n_0    |                                                                                                |                9 |             16 |
|  clock_IBUF_BUFG | instance_of_wrapper_level1/input_buffer_instance/bsi_mem_B/data_out_local[1][15]_i_1_n_0    |                                                                                                |                9 |             16 |
|  clock_IBUF_BUFG | instance_of_wrapper_level1/input_buffer_instance/bsi_mem_B/data_out_local[2][15]_i_1_n_0    |                                                                                                |                9 |             16 |
|  clock_IBUF_BUFG | instance_of_wrapper_level1/output_buffer_to_R0/output_mem_to_R0/data_out_for_R0[31]_i_1_n_0 |                                                                                                |               18 |             32 |
|  clock_IBUF_BUFG |                                                                                             |                                                                                                |              299 |            769 |
+------------------+---------------------------------------------------------------------------------------------+------------------------------------------------------------------------------------------------+------------------+----------------+


