INFO: [VRFC 10-2263] Analyzing Verilog file "/home/shivamtyagi/baseline_multiplier/baseline_multiplier.sim/sim_1/impl/func/xsim/cla_TB_func_impl.v" into library xil_defaultlib
INFO: [VRFC 10-311] analyzing module CLA_Adder_Wrapper_level2
INFO: [VRFC 10-311] analyzing module CLA_Memory_Module
INFO: [VRFC 10-311] analyzing module CLA_Memory_Module__1
INFO: [VRFC 10-311] analyzing module System_Multiplier_Top
INFO: [VRFC 10-311] analyzing module System_Multiplier_Wrapper_level1
INFO: [VRFC 10-311] analyzing module bsi_mem_output_side
INFO: [VRFC 10-311] analyzing module input_buffer
INFO: [VRFC 10-311] analyzing module multiplier
INFO: [VRFC 10-311] analyzing module multiplier__1
INFO: [VRFC 10-311] analyzing module multiplier__2
INFO: [VRFC 10-311] analyzing module multiplier__3
INFO: [VRFC 10-311] analyzing module multiplier__4
INFO: [VRFC 10-311] analyzing module multiplier__5
INFO: [VRFC 10-311] analyzing module multiplier__6
INFO: [VRFC 10-311] analyzing module multiplier__7
INFO: [VRFC 10-311] analyzing module output_buffer
INFO: [VRFC 10-311] analyzing module output_mem_to_R0
INFO: [VRFC 10-311] analyzing module glbl
INFO: [VRFC 10-2263] Analyzing SystemVerilog file "/home/shivamtyagi/baseline_multiplier/baseline_multiplier.srcs/sim_1/imports/new/cla_TB.sv" into library xil_defaultlib
INFO: [VRFC 10-311] analyzing module cla_TB
