
*** Running vivado
    with args -log CLA_Adder_Wrapper_level2.vds -m64 -product Vivado -mode batch -messageDb vivado.pb -notrace -source CLA_Adder_Wrapper_level2.tcl


****** Vivado v2019.2.1 (64-bit)
  **** SW Build 2729669 on Thu Dec  5 04:48:12 MST 2019
  **** IP Build 2729494 on Thu Dec  5 07:38:25 MST 2019
    ** Copyright 1986-2019 Xilinx, Inc. All Rights Reserved.

source CLA_Adder_Wrapper_level2.tcl -notrace
Command: synth_design -top CLA_Adder_Wrapper_level2 -part xc7a35tcpg236-1
Starting synth_design
Attempting to get a license for feature 'Synthesis' and/or device 'xc7a35t'
INFO: [Common 17-349] Got license for feature 'Synthesis' and/or device 'xc7a35t'
INFO: [Device 21-403] Loading part xc7a35tcpg236-1
INFO: Launching helper process for spawning children vivado processes
INFO: Helper process launched with PID 25075 
---------------------------------------------------------------------------------
Starting RTL Elaboration : Time (s): cpu = 00:00:04 ; elapsed = 00:00:05 . Memory (MB): peak = 1921.262 ; gain = 204.684 ; free physical = 1401 ; free virtual = 4187
---------------------------------------------------------------------------------
INFO: [Synth 8-6157] synthesizing module 'CLA_Adder_Wrapper_level2' [/home/shivamtyagi/baseline_multiplier/baseline_multiplier.srcs/sources_1/imports/sources_1/imports/new/BSI_Adder_Wrapper_level2.v:27]
	Parameter size_of_vectors bound to: 16 - type: integer 
	Parameter Word_size bound to: 8 - type: integer 
	Parameter Max_Quantization bound to: 32 - type: integer 
	Parameter Desired_Quantization bound to: 16 - type: integer 
INFO: [Synth 8-6157] synthesizing module 'System_Multiplier_Wrapper_level1' [/home/shivamtyagi/baseline_multiplier/baseline_multiplier.srcs/sources_1/imports/sources_1/imports/new/BSI_Adder_Wrapper_level1.sv:29]
	Parameter size_of_vectors bound to: 32 - type: integer 
	Parameter Word_size bound to: 8 - type: integer 
	Parameter Max_Quantization bound to: 32 - type: integer 
	Parameter Desired_Quantization bound to: 16 - type: integer 
INFO: [Synth 8-6157] synthesizing module 'input_buffer' [/home/shivamtyagi/baseline_multiplier/baseline_multiplier.srcs/sources_1/imports/sources_1/imports/new/input_buffer.sv:23]
	Parameter size_of_vectors bound to: 32 - type: integer 
	Parameter Word_size bound to: 8 - type: integer 
	Parameter Max_Quantization bound to: 32 - type: integer 
	Parameter Desired_Quantization bound to: 16 - type: integer 
INFO: [Synth 8-6157] synthesizing module 'CLA_Memory_Module' [/home/shivamtyagi/baseline_multiplier/baseline_multiplier.srcs/sources_1/imports/sources_1/imports/new/BSI_Memory_Module.sv:23]
	Parameter Word_size bound to: 8 - type: integer 
	Parameter Quantization bound to: 16 - type: integer 
INFO: [Synth 8-6155] done synthesizing module 'CLA_Memory_Module' (1#1) [/home/shivamtyagi/baseline_multiplier/baseline_multiplier.srcs/sources_1/imports/sources_1/imports/new/BSI_Memory_Module.sv:23]
INFO: [Synth 8-6155] done synthesizing module 'input_buffer' (2#1) [/home/shivamtyagi/baseline_multiplier/baseline_multiplier.srcs/sources_1/imports/sources_1/imports/new/input_buffer.sv:23]
INFO: [Synth 8-6157] synthesizing module 'System_Multiplier_Top' [/home/shivamtyagi/baseline_multiplier/baseline_multiplier.srcs/sources_1/imports/sources_1/imports/new/BSI_Adder_Top.v:26]
	Parameter Word_size bound to: 8 - type: integer 
	Parameter Max_Quantization bound to: 32 - type: integer 
	Parameter Desired_Quantization bound to: 16 - type: integer 
INFO: [Synth 8-6157] synthesizing module 'multiplier' [/home/shivamtyagi/baseline_multiplier/baseline_multiplier.srcs/sources_1/imports/sources_1/new/carry_lookahead_adder.v:23]
	Parameter WIDTH bound to: 16 - type: integer 
INFO: [Synth 8-6155] done synthesizing module 'multiplier' (3#1) [/home/shivamtyagi/baseline_multiplier/baseline_multiplier.srcs/sources_1/imports/sources_1/new/carry_lookahead_adder.v:23]
INFO: [Synth 8-6155] done synthesizing module 'System_Multiplier_Top' (4#1) [/home/shivamtyagi/baseline_multiplier/baseline_multiplier.srcs/sources_1/imports/sources_1/imports/new/BSI_Adder_Top.v:26]
INFO: [Synth 8-6157] synthesizing module 'output_buffer' [/home/shivamtyagi/baseline_multiplier/baseline_multiplier.srcs/sources_1/imports/sources_1/imports/new/output_buffer.sv:23]
	Parameter size_of_vectors bound to: 32 - type: integer 
	Parameter Word_size bound to: 8 - type: integer 
	Parameter Max_Quantization bound to: 32 - type: integer 
	Parameter Desired_Quantization bound to: 32 - type: integer 
INFO: [Synth 8-6157] synthesizing module 'bsi_mem_output_side' [/home/shivamtyagi/baseline_multiplier/baseline_multiplier.srcs/sources_1/imports/sources_1/imports/new/bsi_mem_output_side.sv:23]
	Parameter Word_size bound to: 8 - type: integer 
	Parameter Quantization bound to: 32 - type: integer 
INFO: [Synth 8-6155] done synthesizing module 'bsi_mem_output_side' (5#1) [/home/shivamtyagi/baseline_multiplier/baseline_multiplier.srcs/sources_1/imports/sources_1/imports/new/bsi_mem_output_side.sv:23]
INFO: [Synth 8-6157] synthesizing module 'output_mem_to_R0' [/home/shivamtyagi/baseline_multiplier/baseline_multiplier.srcs/sources_1/imports/sources_1/imports/new/output_mem_to_R0.sv:23]
	Parameter Word_size bound to: 8 - type: integer 
	Parameter Desired_Quantization bound to: 32 - type: integer 
INFO: [Synth 8-6155] done synthesizing module 'output_mem_to_R0' (6#1) [/home/shivamtyagi/baseline_multiplier/baseline_multiplier.srcs/sources_1/imports/sources_1/imports/new/output_mem_to_R0.sv:23]
INFO: [Synth 8-6155] done synthesizing module 'output_buffer' (7#1) [/home/shivamtyagi/baseline_multiplier/baseline_multiplier.srcs/sources_1/imports/sources_1/imports/new/output_buffer.sv:23]
INFO: [Synth 8-6155] done synthesizing module 'System_Multiplier_Wrapper_level1' (8#1) [/home/shivamtyagi/baseline_multiplier/baseline_multiplier.srcs/sources_1/imports/sources_1/imports/new/BSI_Adder_Wrapper_level1.sv:29]
INFO: [Synth 8-6155] done synthesizing module 'CLA_Adder_Wrapper_level2' (9#1) [/home/shivamtyagi/baseline_multiplier/baseline_multiplier.srcs/sources_1/imports/sources_1/imports/new/BSI_Adder_Wrapper_level2.v:27]
---------------------------------------------------------------------------------
Finished RTL Elaboration : Time (s): cpu = 00:00:05 ; elapsed = 00:00:07 . Memory (MB): peak = 1982.012 ; gain = 265.434 ; free physical = 1432 ; free virtual = 4218
---------------------------------------------------------------------------------

Report Check Netlist: 
+------+------------------+-------+---------+-------+------------------+
|      |Item              |Errors |Warnings |Status |Description       |
+------+------------------+-------+---------+-------+------------------+
|1     |multi_driven_nets |      0|        0|Passed |Multi driven nets |
+------+------------------+-------+---------+-------+------------------+
---------------------------------------------------------------------------------
Start Handling Custom Attributes
---------------------------------------------------------------------------------
---------------------------------------------------------------------------------
Finished Handling Custom Attributes : Time (s): cpu = 00:00:06 ; elapsed = 00:00:08 . Memory (MB): peak = 1984.980 ; gain = 268.402 ; free physical = 1429 ; free virtual = 4216
---------------------------------------------------------------------------------
---------------------------------------------------------------------------------
Finished RTL Optimization Phase 1 : Time (s): cpu = 00:00:06 ; elapsed = 00:00:08 . Memory (MB): peak = 1984.980 ; gain = 268.402 ; free physical = 1429 ; free virtual = 4216
---------------------------------------------------------------------------------
Netlist sorting complete. Time (s): cpu = 00:00:00.02 ; elapsed = 00:00:00.02 . Memory (MB): peak = 1984.980 ; gain = 0.000 ; free physical = 1422 ; free virtual = 4209
INFO: [Project 1-570] Preparing netlist for logic optimization

Processing XDC Constraints
Initializing timing engine
Parsing XDC File [/home/shivamtyagi/baseline_multiplier/baseline_multiplier.srcs/constrs_1/imports/new/CLA_adder.xdc]
Finished Parsing XDC File [/home/shivamtyagi/baseline_multiplier/baseline_multiplier.srcs/constrs_1/imports/new/CLA_adder.xdc]
INFO: [Project 1-236] Implementation specific constraints were found while reading constraint file [/home/shivamtyagi/baseline_multiplier/baseline_multiplier.srcs/constrs_1/imports/new/CLA_adder.xdc]. These constraints will be ignored for synthesis but will be used in implementation. Impacted constraints are listed in the file [.Xil/CLA_Adder_Wrapper_level2_propImpl.xdc].
Resolution: To avoid this warning, move constraints listed in [.Xil/CLA_Adder_Wrapper_level2_propImpl.xdc] to another XDC file and exclude this new file from synthesis with the used_in_synthesis property (File Properties dialog in GUI) and re-run elaboration/synthesis.
Completed Processing XDC Constraints

Netlist sorting complete. Time (s): cpu = 00:00:00 ; elapsed = 00:00:00 . Memory (MB): peak = 2135.723 ; gain = 0.000 ; free physical = 1335 ; free virtual = 4121
INFO: [Project 1-111] Unisim Transformation Summary:
No Unisim elements were transformed.

Constraint Validation Runtime : Time (s): cpu = 00:00:00 ; elapsed = 00:00:00 . Memory (MB): peak = 2135.723 ; gain = 0.000 ; free physical = 1335 ; free virtual = 4121
---------------------------------------------------------------------------------
Finished Constraint Validation : Time (s): cpu = 00:00:12 ; elapsed = 00:00:15 . Memory (MB): peak = 2135.723 ; gain = 419.145 ; free physical = 1404 ; free virtual = 4190
---------------------------------------------------------------------------------
---------------------------------------------------------------------------------
Start Loading Part and Timing Information
---------------------------------------------------------------------------------
Loading part: xc7a35tcpg236-1
---------------------------------------------------------------------------------
Finished Loading Part and Timing Information : Time (s): cpu = 00:00:12 ; elapsed = 00:00:15 . Memory (MB): peak = 2135.723 ; gain = 419.145 ; free physical = 1404 ; free virtual = 4190
---------------------------------------------------------------------------------
---------------------------------------------------------------------------------
Start Applying 'set_property' XDC Constraints
---------------------------------------------------------------------------------
---------------------------------------------------------------------------------
Finished applying 'set_property' XDC Constraints : Time (s): cpu = 00:00:12 ; elapsed = 00:00:15 . Memory (MB): peak = 2135.723 ; gain = 419.145 ; free physical = 1404 ; free virtual = 4190
---------------------------------------------------------------------------------
---------------------------------------------------------------------------------
Finished RTL Optimization Phase 2 : Time (s): cpu = 00:00:12 ; elapsed = 00:00:16 . Memory (MB): peak = 2135.723 ; gain = 419.145 ; free physical = 1393 ; free virtual = 4181
---------------------------------------------------------------------------------

Report RTL Partitions: 
+-+--------------+------------+----------+
| |RTL Partition |Replication |Instances |
+-+--------------+------------+----------+
+-+--------------+------------+----------+
---------------------------------------------------------------------------------
Start RTL Component Statistics 
---------------------------------------------------------------------------------
Detailed RTL Component Info : 
+---Adders : 
	   2 Input      4 Bit       Adders := 3     
+---Registers : 
	               32 Bit    Registers := 9     
	               16 Bit    Registers := 48    
	                6 Bit    Registers := 2     
	                5 Bit    Registers := 1     
	                1 Bit    Registers := 14    
+---Multipliers : 
	                16x16  Multipliers := 8     
+---Muxes : 
	   2 Input     16 Bit        Muxes := 32    
	   2 Input      6 Bit        Muxes := 10    
	   2 Input      4 Bit        Muxes := 1     
	   2 Input      1 Bit        Muxes := 24    
---------------------------------------------------------------------------------
Finished RTL Component Statistics 
---------------------------------------------------------------------------------
---------------------------------------------------------------------------------
Start RTL Hierarchical Component Statistics 
---------------------------------------------------------------------------------
Hierarchical RTL Component report 
Module CLA_Memory_Module 
Detailed RTL Component Info : 
+---Adders : 
	   2 Input      4 Bit       Adders := 1     
+---Registers : 
	               16 Bit    Registers := 16    
	                6 Bit    Registers := 1     
	                1 Bit    Registers := 2     
+---Muxes : 
	   2 Input     16 Bit        Muxes := 16    
	   2 Input      6 Bit        Muxes := 5     
	   2 Input      1 Bit        Muxes := 11    
Module multiplier 
Detailed RTL Component Info : 
+---Registers : 
	               32 Bit    Registers := 1     
	                1 Bit    Registers := 1     
+---Multipliers : 
	                16x16  Multipliers := 1     
Module System_Multiplier_Top 
Detailed RTL Component Info : 
+---Registers : 
	               16 Bit    Registers := 16    
	                1 Bit    Registers := 1     
Module output_mem_to_R0 
Detailed RTL Component Info : 
+---Adders : 
	   2 Input      4 Bit       Adders := 1     
+---Registers : 
	               32 Bit    Registers := 1     
	                5 Bit    Registers := 1     
	                1 Bit    Registers := 1     
+---Muxes : 
	   2 Input      4 Bit        Muxes := 1     
	   2 Input      1 Bit        Muxes := 2     
---------------------------------------------------------------------------------
Finished RTL Hierarchical Component Statistics
---------------------------------------------------------------------------------
---------------------------------------------------------------------------------
Start Part Resource Summary
---------------------------------------------------------------------------------
Part Resources:
DSPs: 90 (col length:60)
BRAMs: 100 (col length: RAMB18 60 RAMB36 30)
---------------------------------------------------------------------------------
Finished Part Resource Summary
---------------------------------------------------------------------------------
---------------------------------------------------------------------------------
Start Cross Boundary and Area Optimization
---------------------------------------------------------------------------------
Warning: Parallel synthesis criteria is not met 
INFO: [Synth 8-3333] propagating constant 1 across sequential element (CLA_Memory_Module:/done_mem_local_reg)
INFO: [Synth 8-3333] propagating constant 1 across sequential element (CLA_Memory_Module:/done_mem_reg)
INFO: [Synth 8-3333] propagating constant 1 across sequential element (multiplier:/done_reg)
INFO: [Synth 8-3333] propagating constant 0 across sequential element (instance_of_wrapper_level1/output_buffer_to_R0/output_mem_to_R0/\count_output_buffer_reg[4] )
INFO: [Synth 8-3333] propagating constant 1 across sequential element (instance_of_wrapper_level1/output_buffer_to_R0/output_mem_to_R0/done_reg)
---------------------------------------------------------------------------------
Finished Cross Boundary and Area Optimization : Time (s): cpu = 00:00:17 ; elapsed = 00:00:21 . Memory (MB): peak = 2135.723 ; gain = 419.145 ; free physical = 1372 ; free virtual = 4162
---------------------------------------------------------------------------------

Report RTL Partitions: 
+-+--------------+------------+----------+
| |RTL Partition |Replication |Instances |
+-+--------------+------------+----------+
+-+--------------+------------+----------+
---------------------------------------------------------------------------------
Start Applying XDC Timing Constraints
---------------------------------------------------------------------------------
---------------------------------------------------------------------------------
Finished Applying XDC Timing Constraints : Time (s): cpu = 00:00:23 ; elapsed = 00:00:28 . Memory (MB): peak = 2135.723 ; gain = 419.145 ; free physical = 1253 ; free virtual = 4043
---------------------------------------------------------------------------------
---------------------------------------------------------------------------------
Start Timing Optimization
---------------------------------------------------------------------------------
---------------------------------------------------------------------------------
Finished Timing Optimization : Time (s): cpu = 00:00:24 ; elapsed = 00:00:29 . Memory (MB): peak = 2135.723 ; gain = 419.145 ; free physical = 1250 ; free virtual = 4041
---------------------------------------------------------------------------------

Report RTL Partitions: 
+-+--------------+------------+----------+
| |RTL Partition |Replication |Instances |
+-+--------------+------------+----------+
+-+--------------+------------+----------+
---------------------------------------------------------------------------------
Start Technology Mapping
---------------------------------------------------------------------------------
---------------------------------------------------------------------------------
Finished Technology Mapping : Time (s): cpu = 00:00:26 ; elapsed = 00:00:31 . Memory (MB): peak = 2135.723 ; gain = 419.145 ; free physical = 1247 ; free virtual = 4038
---------------------------------------------------------------------------------

Report RTL Partitions: 
+-+--------------+------------+----------+
| |RTL Partition |Replication |Instances |
+-+--------------+------------+----------+
+-+--------------+------------+----------+
---------------------------------------------------------------------------------
Start IO Insertion
---------------------------------------------------------------------------------
---------------------------------------------------------------------------------
Start Flattening Before IO Insertion
---------------------------------------------------------------------------------
---------------------------------------------------------------------------------
Finished Flattening Before IO Insertion
---------------------------------------------------------------------------------
---------------------------------------------------------------------------------
Start Final Netlist Cleanup
---------------------------------------------------------------------------------
---------------------------------------------------------------------------------
Finished Final Netlist Cleanup
---------------------------------------------------------------------------------
---------------------------------------------------------------------------------
Finished IO Insertion : Time (s): cpu = 00:00:29 ; elapsed = 00:00:34 . Memory (MB): peak = 2135.723 ; gain = 419.145 ; free physical = 1247 ; free virtual = 4038
---------------------------------------------------------------------------------
---------------------------------------------------------------------------------
Start Renaming Generated Instances
---------------------------------------------------------------------------------
---------------------------------------------------------------------------------
Finished Renaming Generated Instances : Time (s): cpu = 00:00:29 ; elapsed = 00:00:34 . Memory (MB): peak = 2135.723 ; gain = 419.145 ; free physical = 1247 ; free virtual = 4038
---------------------------------------------------------------------------------

Report RTL Partitions: 
+-+--------------+------------+----------+
| |RTL Partition |Replication |Instances |
+-+--------------+------------+----------+
+-+--------------+------------+----------+

Report Check Netlist: 
+------+------------------+-------+---------+-------+------------------+
|      |Item              |Errors |Warnings |Status |Description       |
+------+------------------+-------+---------+-------+------------------+
|1     |multi_driven_nets |      0|        0|Passed |Multi driven nets |
+------+------------------+-------+---------+-------+------------------+
---------------------------------------------------------------------------------
Start Rebuilding User Hierarchy
---------------------------------------------------------------------------------
---------------------------------------------------------------------------------
Finished Rebuilding User Hierarchy : Time (s): cpu = 00:00:29 ; elapsed = 00:00:35 . Memory (MB): peak = 2135.723 ; gain = 419.145 ; free physical = 1247 ; free virtual = 4038
---------------------------------------------------------------------------------
---------------------------------------------------------------------------------
Start Renaming Generated Ports
---------------------------------------------------------------------------------
---------------------------------------------------------------------------------
Finished Renaming Generated Ports : Time (s): cpu = 00:00:29 ; elapsed = 00:00:35 . Memory (MB): peak = 2135.723 ; gain = 419.145 ; free physical = 1247 ; free virtual = 4038
---------------------------------------------------------------------------------
---------------------------------------------------------------------------------
Start Handling Custom Attributes
---------------------------------------------------------------------------------
---------------------------------------------------------------------------------
Finished Handling Custom Attributes : Time (s): cpu = 00:00:30 ; elapsed = 00:00:35 . Memory (MB): peak = 2135.723 ; gain = 419.145 ; free physical = 1247 ; free virtual = 4038
---------------------------------------------------------------------------------
---------------------------------------------------------------------------------
Start Renaming Generated Nets
---------------------------------------------------------------------------------
---------------------------------------------------------------------------------
Finished Renaming Generated Nets : Time (s): cpu = 00:00:30 ; elapsed = 00:00:35 . Memory (MB): peak = 2135.723 ; gain = 419.145 ; free physical = 1247 ; free virtual = 4038
---------------------------------------------------------------------------------
---------------------------------------------------------------------------------
Start Writing Synthesis Report
---------------------------------------------------------------------------------

Report BlackBoxes: 
+-+--------------+----------+
| |BlackBox name |Instances |
+-+--------------+----------+
+-+--------------+----------+

Report Cell Usage: 
+------+-------+------+
|      |Cell   |Count |
+------+-------+------+
|1     |BUFG   |     1|
|2     |CARRY4 |   320|
|3     |LUT1   |     1|
|4     |LUT2   |   812|
|5     |LUT3   |   163|
|6     |LUT4   |   254|
|7     |LUT5   |   227|
|8     |LUT6   |  1392|
|9     |MUXF7  |    32|
|10    |FDRE   |  1069|
|11    |IBUF   |    34|
|12    |OBUF   |    33|
+------+-------+------+

Report Instance Areas: 
+------+-----------------------------------+---------------------------------+------+
|      |Instance                           |Module                           |Cells |
+------+-----------------------------------+---------------------------------+------+
|1     |top                                |                                 |  4338|
|2     |  instance_of_wrapper_level1       |System_Multiplier_Wrapper_level1 |  4270|
|3     |    input_buffer_instance          |input_buffer                     |   544|
|4     |      bsi_mem_A                    |CLA_Memory_Module__1             |   272|
|5     |      bsi_mem_B                    |CLA_Memory_Module                |   272|
|6     |    System_Multiplier_Top_instance |System_Multiplier_Top            |  3587|
|7     |      \multiplier[0].inst_2        |multiplier__1                    |   416|
|8     |      \multiplier[1].inst_2        |multiplier__2                    |   416|
|9     |      \multiplier[2].inst_2        |multiplier__3                    |   416|
|10    |      \multiplier[3].inst_2        |multiplier__4                    |   416|
|11    |      \multiplier[4].inst_2        |multiplier__5                    |   416|
|12    |      \multiplier[5].inst_2        |multiplier__6                    |   416|
|13    |      \multiplier[6].inst_2        |multiplier__7                    |   416|
|14    |      \multiplier[7].inst_2        |multiplier                       |   416|
|15    |    output_buffer_to_R0            |output_buffer                    |   139|
|16    |      bsi_mem_output_side          |bsi_mem_output_side              |     0|
|17    |      output_mem_to_R0             |output_mem_to_R0                 |   139|
+------+-----------------------------------+---------------------------------+------+
---------------------------------------------------------------------------------
Finished Writing Synthesis Report : Time (s): cpu = 00:00:30 ; elapsed = 00:00:35 . Memory (MB): peak = 2135.723 ; gain = 419.145 ; free physical = 1247 ; free virtual = 4038
---------------------------------------------------------------------------------
Synthesis finished with 0 errors, 0 critical warnings and 0 warnings.
Synthesis Optimization Runtime : Time (s): cpu = 00:00:28 ; elapsed = 00:00:33 . Memory (MB): peak = 2135.723 ; gain = 268.402 ; free physical = 1303 ; free virtual = 4093
Synthesis Optimization Complete : Time (s): cpu = 00:00:30 ; elapsed = 00:00:35 . Memory (MB): peak = 2135.723 ; gain = 419.145 ; free physical = 1303 ; free virtual = 4093
INFO: [Project 1-571] Translating synthesized netlist
Netlist sorting complete. Time (s): cpu = 00:00:00.04 ; elapsed = 00:00:00.04 . Memory (MB): peak = 2135.723 ; gain = 0.000 ; free physical = 1368 ; free virtual = 4159
INFO: [Netlist 29-17] Analyzing 352 Unisim elements for replacement
INFO: [Netlist 29-28] Unisim Transformation completed in 0 CPU seconds
INFO: [Project 1-570] Preparing netlist for logic optimization
INFO: [Opt 31-138] Pushed 0 inverter(s) to 0 load pin(s).
Netlist sorting complete. Time (s): cpu = 00:00:00 ; elapsed = 00:00:00 . Memory (MB): peak = 2135.723 ; gain = 0.000 ; free physical = 1314 ; free virtual = 4105
INFO: [Project 1-111] Unisim Transformation Summary:
No Unisim elements were transformed.

INFO: [Common 17-83] Releasing license: Synthesis
35 Infos, 0 Warnings, 0 Critical Warnings and 0 Errors encountered.
synth_design completed successfully
synth_design: Time (s): cpu = 00:00:37 ; elapsed = 00:00:45 . Memory (MB): peak = 2135.723 ; gain = 663.094 ; free physical = 1446 ; free virtual = 4237
Netlist sorting complete. Time (s): cpu = 00:00:00 ; elapsed = 00:00:00 . Memory (MB): peak = 2135.723 ; gain = 0.000 ; free physical = 1446 ; free virtual = 4237
WARNING: [Constraints 18-5210] No constraints selected for write.
Resolution: This message can indicate that there are no constraints for the design, or it can indicate that the used_in flags are set such that the constraints are ignored. This later case is used when running synth_design to not write synthesis constraints to the resulting checkpoint. Instead, project constraints are read when the synthesized design is opened.
INFO: [Common 17-1381] The checkpoint '/home/shivamtyagi/baseline_multiplier/baseline_multiplier.runs/synth_1/CLA_Adder_Wrapper_level2.dcp' has been generated.
INFO: [runtcl-4] Executing : report_utilization -file CLA_Adder_Wrapper_level2_utilization_synth.rpt -pb CLA_Adder_Wrapper_level2_utilization_synth.pb
INFO: [Common 17-206] Exiting Vivado at Fri May  8 13:57:04 2020...
