INFO: [VRFC 10-2263] Analyzing SystemVerilog file "/home/shivamtyagi/baseline_multiplier/baseline_multiplier.srcs/sources_1/imports/sources_1/imports/new/BSI_Adder_Top.v" into library xil_defaultlib
INFO: [VRFC 10-311] analyzing module System_Multiplier_Top
INFO: [VRFC 10-2263] Analyzing SystemVerilog file "/home/shivamtyagi/baseline_multiplier/baseline_multiplier.srcs/sources_1/imports/sources_1/imports/new/BSI_Adder_Wrapper_level1.sv" into library xil_defaultlib
INFO: [VRFC 10-311] analyzing module System_Multiplier_Wrapper_level1
INFO: [VRFC 10-2263] Analyzing SystemVerilog file "/home/shivamtyagi/baseline_multiplier/baseline_multiplier.srcs/sources_1/imports/sources_1/imports/new/BSI_Adder_Wrapper_level2.v" into library xil_defaultlib
INFO: [VRFC 10-311] analyzing module CLA_Adder_Wrapper_level2
INFO: [VRFC 10-2263] Analyzing SystemVerilog file "/home/shivamtyagi/baseline_multiplier/baseline_multiplier.srcs/sources_1/imports/sources_1/imports/new/BSI_Memory_Module.sv" into library xil_defaultlib
INFO: [VRFC 10-311] analyzing module CLA_Memory_Module
INFO: [VRFC 10-2263] Analyzing SystemVerilog file "/home/shivamtyagi/baseline_multiplier/baseline_multiplier.srcs/sources_1/imports/sources_1/imports/new/bsi_mem_output_side.sv" into library xil_defaultlib
INFO: [VRFC 10-311] analyzing module bsi_mem_output_side
INFO: [VRFC 10-2263] Analyzing SystemVerilog file "/home/shivamtyagi/baseline_multiplier/baseline_multiplier.srcs/sources_1/imports/sources_1/new/carry_lookahead_adder.v" into library xil_defaultlib
INFO: [VRFC 10-311] analyzing module multiplier
INFO: [VRFC 10-2263] Analyzing SystemVerilog file "/home/shivamtyagi/baseline_multiplier/baseline_multiplier.srcs/sources_1/imports/sources_1/imports/new/input_buffer.sv" into library xil_defaultlib
INFO: [VRFC 10-311] analyzing module input_buffer
INFO: [VRFC 10-2263] Analyzing SystemVerilog file "/home/shivamtyagi/baseline_multiplier/baseline_multiplier.srcs/sources_1/imports/sources_1/imports/new/output_buffer.sv" into library xil_defaultlib
INFO: [VRFC 10-311] analyzing module output_buffer
INFO: [VRFC 10-2263] Analyzing SystemVerilog file "/home/shivamtyagi/baseline_multiplier/baseline_multiplier.srcs/sources_1/imports/sources_1/imports/new/output_mem_to_R0.sv" into library xil_defaultlib
INFO: [VRFC 10-311] analyzing module output_mem_to_R0
INFO: [VRFC 10-2263] Analyzing SystemVerilog file "/home/shivamtyagi/baseline_multiplier/baseline_multiplier.srcs/sim_1/imports/new/cla_TB.sv" into library xil_defaultlib
INFO: [VRFC 10-311] analyzing module cla_TB
